<?xml version="1.0" encoding="UTF-8"?>
<!-- Generated by org.testng.reporters.JUnitReportReporter -->
<testsuite hostname="LAP00396" name="com.qa.meschino.testcases.MyHRA_Male.VerifyHRACholesterolRiskStatus" tests="3" failures="3" timestamp="11 Feb 2019 20:26:40 GMT" time="0.009" errors="0">
  <testcase name="HraCholesterolRiskStatus" time="0.002" classname="com.qa.meschino.testcases.MyHRA_Male.VerifyHRACholesterolRiskStatus"/>
  <testcase name="HraCholesterolRiskStatus" time="0.002" classname="com.qa.meschino.testcases.MyHRA_Male.VerifyHRACholesterolRiskStatus"/>
  <testcase name="HraCholesterolRiskStatus" time="0.005" classname="com.qa.meschino.testcases.MyHRA_Male.VerifyHRACholesterolRiskStatus"/>
</testsuite> <!-- com.qa.meschino.testcases.MyHRA_Male.VerifyHRACholesterolRiskStatus -->
