<?xml version="1.0" encoding="UTF-8"?>
<!-- Generated by org.testng.reporters.JUnitReportReporter -->
<testsuite hostname="LAP00396" name="com.qa.meschino.testcases.BloodGlucoseTracker.testing" tests="1" failures="0" timestamp="28 Jan 2019 14:00:43 GMT" time="86.195" errors="0">
  <testcase name="t2" time="86.195" classname="com.qa.meschino.testcases.BloodGlucoseTracker.testing"/>
</testsuite> <!-- com.qa.meschino.testcases.BloodGlucoseTracker.testing -->
