<?xml version="1.0" encoding="UTF-8"?>
<!-- Generated by org.testng.reporters.JUnitReportReporter -->
<testsuite hostname="LAP00396" name="com.qa.meschino.pages.test" tests="1" failures="0" timestamp="2 Jul 2019 16:34:12 GMT" time="8.184" errors="0">
  <testcase name="t" time="8.184" classname="com.qa.meschino.pages.test"/>
</testsuite> <!-- com.qa.meschino.pages.test -->
