<?xml version="1.0" encoding="UTF-8"?>
<!-- Generated by org.testng.reporters.JUnitReportReporter -->
<testsuite hostname="LAP00396" name="com.qa.meschino.testcases.MyHRA_Male.VerifyHRABMIOverweightRiskStatus" tests="3" failures="3" timestamp="11 Feb 2019 20:26:40 GMT" time="0.021" errors="0">
  <testcase name="HraBMIOverweightRiskStatus" time="0.007" classname="com.qa.meschino.testcases.MyHRA_Male.VerifyHRABMIOverweightRiskStatus"/>
  <testcase name="HraBMIOverweightRiskStatus" time="0.002" classname="com.qa.meschino.testcases.MyHRA_Male.VerifyHRABMIOverweightRiskStatus"/>
  <testcase name="HraBMIOverweightRiskStatus" time="0.012" classname="com.qa.meschino.testcases.MyHRA_Male.VerifyHRABMIOverweightRiskStatus"/>
</testsuite> <!-- com.qa.meschino.testcases.MyHRA_Male.VerifyHRABMIOverweightRiskStatus -->
