<?xml version="1.0" encoding="UTF-8"?>
<!-- Generated by org.testng.reporters.JUnitReportReporter -->
<testsuite hostname="LAP00396" name="com.qa.meschino.testcases.BloodGlucoseTracker.VerifyBloodGlucoseOnProfile" tests="1" failures="0" timestamp="25 Jan 2019 17:07:19 GMT" time="63.868" errors="0">
  <testcase name="BloodGlucoseOnProfile" time="63.868" classname="com.qa.meschino.testcases.BloodGlucoseTracker.VerifyBloodGlucoseOnProfile"/>
</testsuite> <!-- com.qa.meschino.testcases.BloodGlucoseTracker.VerifyBloodGlucoseOnProfile -->
