<?xml version="1.0" encoding="UTF-8"?>
<!-- Generated by org.testng.reporters.JUnitReportReporter -->
<testsuite hostname="LAP00396" name="com.qa.meschino.testcases.verifyLogin" tests="1" failures="0" timestamp="11 Jan 2019 19:00:46 GMT" time="42.638" errors="0">
  <testcase name="loginTest" time="42.638" classname="com.qa.meschino.testcases.verifyLogin"/>
</testsuite> <!-- com.qa.meschino.testcases.verifyLogin -->
