<?xml version="1.0" encoding="UTF-8"?>
<!-- Generated by org.testng.reporters.JUnitReportReporter -->
<testsuite hostname="LAP00396" name="com.qa.meschino.testcases.test1" tests="1" failures="0" timestamp="11 Jan 2019 16:36:13 GMT" time="40.127" errors="0">
  <testcase name="t1" time="40.127" classname="com.qa.meschino.testcases.test1"/>
</testsuite> <!-- com.qa.meschino.testcases.test1 -->
