<?xml version="1.0" encoding="UTF-8"?>
<!-- Generated by org.testng.reporters.JUnitReportReporter -->
<testsuite hostname="LAP00396" name="com.qa.meschino.testcases.prac" tests="2" failures="0" timestamp="15 Jan 2019 20:44:59 GMT" time="0.153" errors="0">
  <testcase name="pracTest" time="0.007" classname="com.qa.meschino.testcases.prac"/>
  <testcase name="pracTest" time="0.146" classname="com.qa.meschino.testcases.prac"/>
</testsuite> <!-- com.qa.meschino.testcases.prac -->
