<?xml version="1.0" encoding="UTF-8"?>
<!-- Generated by org.testng.reporters.JUnitReportReporter -->
<testsuite hostname="LAP00396" name="com.qa.meschino.testcases.BloodGlucoseTracker.VerifyBloodGlucoseLog" tests="4" failures="4" timestamp="5 Feb 2019 20:44:17 GMT" time="0.013" errors="0">
  <testcase name="BloodGlucoseTest" time="0.005" classname="com.qa.meschino.testcases.BloodGlucoseTracker.VerifyBloodGlucoseLog"/>
  <testcase name="BloodGlucoseTest" time="0.005" classname="com.qa.meschino.testcases.BloodGlucoseTracker.VerifyBloodGlucoseLog"/>
  <testcase name="BloodGlucoseTest" time="0.001" classname="com.qa.meschino.testcases.BloodGlucoseTracker.VerifyBloodGlucoseLog"/>
  <testcase name="BloodGlucoseTest" time="0.002" classname="com.qa.meschino.testcases.BloodGlucoseTracker.VerifyBloodGlucoseLog"/>
</testsuite> <!-- com.qa.meschino.testcases.BloodGlucoseTracker.VerifyBloodGlucoseLog -->
