<?xml version="1.0" encoding="UTF-8"?>
<!-- Generated by org.testng.reporters.JUnitReportReporter -->
<testsuite hostname="LAP00396" name="com.qa.meschino.testcases.test1" tests="1" failures="0" timestamp="9 Jan 2019 17:27:24 GMT" time="0.012" errors="0">
  <testcase name="t1" time="0.012" classname="com.qa.meschino.testcases.test1"/>
</testsuite> <!-- com.qa.meschino.testcases.test1 -->
