<?xml version="1.0" encoding="UTF-8"?>
<!-- Generated by org.testng.reporters.JUnitReportReporter -->
<testsuite hostname="LAP00396" name="com.qa.meschino.testcases.AsthmaTracker.test1" tests="1" failures="0" timestamp="22 Jan 2019 20:53:53 GMT" time="5.590" errors="0">
  <testcase name="cal" time="5.590" classname="com.qa.meschino.testcases.AsthmaTracker.test1"/>
</testsuite> <!-- com.qa.meschino.testcases.AsthmaTracker.test1 -->
