<?xml version="1.0" encoding="UTF-8"?>
<!-- Generated by org.testng.reporters.JUnitReportReporter -->
<testsuite hostname="DESKTOP-A6435CM" name="com.qa.meschino.testcases.test1" tests="1" failures="0" timestamp="11 Jan 2019 01:22:09 GMT" time="13.184" errors="0">
  <testcase name="t1" time="13.184" classname="com.qa.meschino.testcases.test1"/>
</testsuite> <!-- com.qa.meschino.testcases.test1 -->
