<?xml version="1.0" encoding="UTF-8"?>
<!-- Generated by org.testng.reporters.JUnitReportReporter -->
<testsuite hostname="DESKTOP-A6435CM" name="com.qa.meschino.testcases.BloodGlucoseTracker.test5" tests="1" failures="0" timestamp="26 Jan 2019 19:04:01 GMT" time="0.066" errors="0">
  <testcase name="te5" time="0.066" classname="com.qa.meschino.testcases.BloodGlucoseTracker.test5"/>
</testsuite> <!-- com.qa.meschino.testcases.BloodGlucoseTracker.test5 -->
