<?xml version="1.0" encoding="UTF-8"?>
<!-- Generated by org.testng.reporters.JUnitReportReporter -->
<testsuite hostname="LAP00396" name="com.qa.meschino.testcases.MyHRA_Male.VerifyHRAResistanceExerciseRiskStatus" tests="3" failures="3" timestamp="11 Feb 2019 20:26:40 GMT" time="0.009" errors="0">
  <testcase name="HraResistanceExerciseRiskStatus" time="0.004" classname="com.qa.meschino.testcases.MyHRA_Male.VerifyHRAResistanceExerciseRiskStatus"/>
  <testcase name="HraResistanceExerciseRiskStatus" time="0.002" classname="com.qa.meschino.testcases.MyHRA_Male.VerifyHRAResistanceExerciseRiskStatus"/>
  <testcase name="HraResistanceExerciseRiskStatus" time="0.003" classname="com.qa.meschino.testcases.MyHRA_Male.VerifyHRAResistanceExerciseRiskStatus"/>
</testsuite> <!-- com.qa.meschino.testcases.MyHRA_Male.VerifyHRAResistanceExerciseRiskStatus -->
