<?xml version="1.0" encoding="UTF-8"?>
<!-- Generated by org.testng.reporters.JUnitReportReporter -->
<testsuite hostname="DESKTOP-A6435CM" name="com.qa.meschino.testcases.prac" tests="2" failures="0" timestamp="14 Jan 2019 00:43:56 GMT" time="0.012" errors="0">
  <testcase name="pracTest" time="0.009" classname="com.qa.meschino.testcases.prac"/>
  <testcase name="pracTest" time="0.003" classname="com.qa.meschino.testcases.prac"/>
</testsuite> <!-- com.qa.meschino.testcases.prac -->
