<?xml version="1.0" encoding="UTF-8"?>
<!-- Generated by org.testng.reporters.JUnitReportReporter -->
<testsuite hostname="LAP00396" name="com.qa.meschino.testcases.MeschinoResearchReviews.VerifyDownloads" tests="1" failures="0" timestamp="11 Feb 2019 20:26:40 GMT" time="116.347" errors="0">
  <testcase name="downloads" time="116.347" classname="com.qa.meschino.testcases.MeschinoResearchReviews.VerifyDownloads"/>
</testsuite> <!-- com.qa.meschino.testcases.MeschinoResearchReviews.VerifyDownloads -->
