<?xml version="1.0" encoding="UTF-8"?>
<!-- Generated by org.testng.reporters.JUnitReportReporter -->
<testsuite hostname="LAP00396" name="com.qa.meschino.testcases.Login.verifyLogin" tests="2" failures="0" timestamp="17 Jan 2019 20:35:54 GMT" time="69.902" errors="0">
  <testcase name="LoginTest" time="34.477" classname="com.qa.meschino.testcases.Login.verifyLogin"/>
  <testcase name="LoginTest" time="35.425" classname="com.qa.meschino.testcases.Login.verifyLogin"/>
</testsuite> <!-- com.qa.meschino.testcases.Login.verifyLogin -->
