<?xml version="1.0" encoding="UTF-8"?>
<!-- Generated by org.testng.reporters.JUnitReportReporter -->
<testsuite hostname="LAP00396" name="com.qa.meschino.testcases.BloodGlucoseTracker.VerifyBloodGlucoseDelete" tests="1" failures="0" timestamp="30 Jan 2019 14:40:03 GMT" time="60.162" errors="0">
  <testcase name="BloodGlucoseDeleteLogs" time="60.162" classname="com.qa.meschino.testcases.BloodGlucoseTracker.VerifyBloodGlucoseDelete"/>
</testsuite> <!-- com.qa.meschino.testcases.BloodGlucoseTracker.VerifyBloodGlucoseDelete -->
