<?xml version="1.0" encoding="UTF-8"?>
<!-- Generated by org.testng.reporters.JUnitReportReporter -->
<testsuite hostname="LAP00396" name="com.qa.meschino.testcases.AsthmaTracker.test1" tests="1" failures="0" timestamp="23 Jan 2019 21:09:04 GMT" time="69.641" errors="0">
  <testcase name="cal" time="69.641" classname="com.qa.meschino.testcases.AsthmaTracker.test1"/>
</testsuite> <!-- com.qa.meschino.testcases.AsthmaTracker.test1 -->
