<?xml version="1.0" encoding="UTF-8"?>
<!-- Generated by org.testng.reporters.JUnitReportReporter -->
<testsuite hostname="LAP00396" name="com.qa.meschino.testcases.BloodGlucoseTracker.VerifyBloodGlucoseLog" tests="4" failures="4" timestamp="4 Feb 2019 19:58:33 GMT" time="0.014" errors="0">
  <testcase name="BloodGlucoseTest" time="0.003" classname="com.qa.meschino.testcases.BloodGlucoseTracker.VerifyBloodGlucoseLog"/>
  <testcase name="BloodGlucoseTest" time="0.002" classname="com.qa.meschino.testcases.BloodGlucoseTracker.VerifyBloodGlucoseLog"/>
  <testcase name="BloodGlucoseTest" time="0.004" classname="com.qa.meschino.testcases.BloodGlucoseTracker.VerifyBloodGlucoseLog"/>
  <testcase name="BloodGlucoseTest" time="0.005" classname="com.qa.meschino.testcases.BloodGlucoseTracker.VerifyBloodGlucoseLog"/>
</testsuite> <!-- com.qa.meschino.testcases.BloodGlucoseTracker.VerifyBloodGlucoseLog -->
