<?xml version="1.0" encoding="UTF-8"?>
<!-- Generated by org.testng.reporters.JUnitReportReporter -->
<testsuite hostname="LAP00396" name="com.qa.meschino.testcases.MyHRA_Male.VerifyHRAMaleBloodPressureRiskStatus" tests="3" failures="0" timestamp="4 Feb 2019 19:58:32 GMT" time="667.310" errors="0">
  <testcase name="HraMaleBloodPressureRiskStatus" time="252.703" classname="com.qa.meschino.testcases.MyHRA_Male.VerifyHRAMaleBloodPressureRiskStatus"/>
  <testcase name="HraMaleBloodPressureRiskStatus" time="207.293" classname="com.qa.meschino.testcases.MyHRA_Male.VerifyHRAMaleBloodPressureRiskStatus"/>
  <testcase name="HraMaleBloodPressureRiskStatus" time="207.314" classname="com.qa.meschino.testcases.MyHRA_Male.VerifyHRAMaleBloodPressureRiskStatus"/>
</testsuite> <!-- com.qa.meschino.testcases.MyHRA_Male.VerifyHRAMaleBloodPressureRiskStatus -->
