<?xml version="1.0" encoding="UTF-8"?>
<!-- Generated by org.testng.reporters.JUnitReportReporter -->
<testsuite hostname="LAP00396" name="com.qa.meschino.testcases.MeschinoResearchReviews.VerifyVideos" tests="1" failures="0" timestamp="7 Feb 2019 20:31:05 GMT" time="57.335" errors="0">
  <testcase name="videos" time="57.335" classname="com.qa.meschino.testcases.MeschinoResearchReviews.VerifyVideos"/>
</testsuite> <!-- com.qa.meschino.testcases.MeschinoResearchReviews.VerifyVideos -->
