<?xml version="1.0" encoding="UTF-8"?>
<!-- Generated by org.testng.reporters.JUnitReportReporter -->
<testsuite hostname="DESKTOP-A6435CM" name="com.qa.meschino.testcases.onetest" tests="1" failures="0" timestamp="17 Jan 2019 00:46:09 GMT" time="0.006" errors="0">
  <testcase name="te" time="0.006" classname="com.qa.meschino.testcases.onetest"/>
</testsuite> <!-- com.qa.meschino.testcases.onetest -->
