<?xml version="1.0" encoding="UTF-8"?>
<!-- Generated by org.testng.reporters.JUnitReportReporter -->
<testsuite hostname="LAP00396" name="com.qa.meschino.testcases.BloodGlucoseTracker.testing" tests="1" failures="0" timestamp="24 Jan 2019 19:28:45 GMT" time="5.482" errors="0">
  <testcase name="t2" time="5.482" classname="com.qa.meschino.testcases.BloodGlucoseTracker.testing"/>
</testsuite> <!-- com.qa.meschino.testcases.BloodGlucoseTracker.testing -->
