<?xml version="1.0" encoding="UTF-8"?>
<!-- Generated by org.testng.reporters.JUnitReportReporter -->
<testsuite hostname="LAP00396" name="com.qa.meschino.testcases.test1" tests="1" failures="0" timestamp="10 Jan 2019 18:46:55 GMT" time="30.487" errors="0">
  <testcase name="t1" time="30.487" classname="com.qa.meschino.testcases.test1"/>
</testsuite> <!-- com.qa.meschino.testcases.test1 -->
