<?xml version="1.0" encoding="UTF-8"?>
<!-- Generated by org.testng.reporters.JUnitReportReporter -->
<testsuite hostname="LAP00396" name="com.qa.meschino.testcases.MeschinoResearchReviews.VerifyDownloads" tests="1" failures="1" timestamp="4 Jul 2019 16:15:10 GMT" time="0.002" errors="0">
  <testcase name="downloads" time="0.002" classname="com.qa.meschino.testcases.MeschinoResearchReviews.VerifyDownloads"/>
</testsuite> <!-- com.qa.meschino.testcases.MeschinoResearchReviews.VerifyDownloads -->
