<?xml version="1.0" encoding="UTF-8"?>
<!-- Generated by org.testng.reporters.JUnitReportReporter -->
<testsuite hostname="LAP00396" name="com.qa.meschino.testcases.MeschinoResearchReviews.VerifyVideos" tests="1" failures="0" timestamp="2 Jul 2019 16:10:23 GMT" time="778.368" errors="0">
  <testcase name="videos" time="778.368" classname="com.qa.meschino.testcases.MeschinoResearchReviews.VerifyVideos"/>
</testsuite> <!-- com.qa.meschino.testcases.MeschinoResearchReviews.VerifyVideos -->
