<?xml version="1.0" encoding="UTF-8"?>
<!-- Generated by org.testng.reporters.JUnitReportReporter -->
<testsuite hostname="DESKTOP-A6435CM" name="com.qa.meschino.testcases.verifyLogin" tests="1" failures="0" timestamp="10 Jan 2019 23:50:10 GMT" time="0.453" errors="0">
  <testcase name="loginTest" time="0.453" classname="com.qa.meschino.testcases.verifyLogin"/>
</testsuite> <!-- com.qa.meschino.testcases.verifyLogin -->
