<?xml version="1.0" encoding="UTF-8"?>
<!-- Generated by org.testng.reporters.JUnitReportReporter -->
<testsuite hostname="LAP00396" name="com.qa.meschino.testcases.MeschinoResearchReviews.VerifyDownloads" tests="1" failures="1" timestamp="5 Jul 2019 15:21:43 GMT" time="0.001" errors="0">
  <testcase name="downloads" time="0.001" classname="com.qa.meschino.testcases.MeschinoResearchReviews.VerifyDownloads"/>
</testsuite> <!-- com.qa.meschino.testcases.MeschinoResearchReviews.VerifyDownloads -->
