<?xml version="1.0" encoding="UTF-8"?>
<!-- Generated by org.testng.reporters.JUnitReportReporter -->
<testsuite hostname="LAP00396" name="com.qa.meschino.testcases.prac" tests="1" failures="0" timestamp="8 Feb 2019 15:40:32 GMT" time="74.667" errors="0">
  <testcase name="pracTest" time="74.667" classname="com.qa.meschino.testcases.prac"/>
</testsuite> <!-- com.qa.meschino.testcases.prac -->
