<?xml version="1.0" encoding="UTF-8"?>
<!-- Generated by org.testng.reporters.JUnitReportReporter -->
<testsuite hostname="LAP00396" name="com.qa.meschino.pages.test" tests="1" failures="0" timestamp="9 Jul 2019 16:25:03 GMT" time="16.992" errors="0">
  <testcase name="t" time="16.992" classname="com.qa.meschino.pages.test"/>
</testsuite> <!-- com.qa.meschino.pages.test -->
