<?xml version="1.0" encoding="UTF-8"?>
<!-- Generated by org.testng.reporters.JUnitReportReporter -->
<testsuite hostname="LAP00396" name="com.qa.meschino.testcases.MyHRA_Male.VerifyHRASmokingRiskStatus" tests="4" failures="4" timestamp="11 Feb 2019 20:26:41 GMT" time="0.011" errors="0">
  <testcase name="HraSmokingRiskStatus" time="0.002" classname="com.qa.meschino.testcases.MyHRA_Male.VerifyHRASmokingRiskStatus"/>
  <testcase name="HraSmokingRiskStatus" time="0.001" classname="com.qa.meschino.testcases.MyHRA_Male.VerifyHRASmokingRiskStatus"/>
  <testcase name="HraSmokingRiskStatus" time="0.002" classname="com.qa.meschino.testcases.MyHRA_Male.VerifyHRASmokingRiskStatus"/>
  <testcase name="HraSmokingRiskStatus" time="0.006" classname="com.qa.meschino.testcases.MyHRA_Male.VerifyHRASmokingRiskStatus"/>
</testsuite> <!-- com.qa.meschino.testcases.MyHRA_Male.VerifyHRASmokingRiskStatus -->
