<?xml version="1.0" encoding="UTF-8"?>
<!-- Generated by org.testng.reporters.JUnitReportReporter -->
<testsuite hostname="LAP00396" name="com.qa.meschino.testcases.MyHRA_Male.VerifyHRAP3GeneticTestingRiskStatus" tests="2" failures="0" timestamp="7 Feb 2019 16:48:29 GMT" time="434.947" errors="0">
  <testcase name="HraP3RiskStatus" time="210.531" classname="com.qa.meschino.testcases.MyHRA_Male.VerifyHRAP3GeneticTestingRiskStatus"/>
  <testcase name="HraP3RiskStatus" time="224.416" classname="com.qa.meschino.testcases.MyHRA_Male.VerifyHRAP3GeneticTestingRiskStatus"/>
</testsuite> <!-- com.qa.meschino.testcases.MyHRA_Male.VerifyHRAP3GeneticTestingRiskStatus -->
