<?xml version="1.0" encoding="UTF-8"?>
<!-- Generated by org.testng.reporters.JUnitReportReporter -->
<testsuite hostname="DESKTOP-A6435CM" name="com.qa.meschino.testcases.MyHRA_Male.VerifyHRASmokingRiskStatus" tests="4" failures="0" timestamp="6 Feb 2019 20:02:40 GMT" time="777.891" errors="0">
  <testcase name="HraSmokingRiskStatus" time="193.348" classname="com.qa.meschino.testcases.MyHRA_Male.VerifyHRASmokingRiskStatus"/>
  <testcase name="HraSmokingRiskStatus" time="193.125" classname="com.qa.meschino.testcases.MyHRA_Male.VerifyHRASmokingRiskStatus"/>
  <testcase name="HraSmokingRiskStatus" time="198.627" classname="com.qa.meschino.testcases.MyHRA_Male.VerifyHRASmokingRiskStatus"/>
  <testcase name="HraSmokingRiskStatus" time="192.791" classname="com.qa.meschino.testcases.MyHRA_Male.VerifyHRASmokingRiskStatus"/>
</testsuite> <!-- com.qa.meschino.testcases.MyHRA_Male.VerifyHRASmokingRiskStatus -->
