<?xml version="1.0" encoding="UTF-8"?>
<!-- Generated by org.testng.reporters.JUnitReportReporter -->
<testsuite hostname="LAP00396" name="com.qa.meschino.testcases.LearnAndEarn.VerifyLearnAndEarnLinks" tests="1" failures="0" timestamp="4 Jul 2019 16:15:10 GMT" time="70.794" errors="0">
  <testcase name="LearnAndEarn" time="70.794" classname="com.qa.meschino.testcases.LearnAndEarn.VerifyLearnAndEarnLinks"/>
</testsuite> <!-- com.qa.meschino.testcases.LearnAndEarn.VerifyLearnAndEarnLinks -->
