<?xml version="1.0" encoding="UTF-8"?>
<!-- Generated by org.testng.reporters.JUnitReportReporter -->
<testsuite hostname="LAP00396" name="com.qa.meschino.testcases.verifyLogin" tests="1" failures="0" timestamp="10 Jan 2019 21:26:26 GMT" time="11.275" errors="0">
  <testcase name="loginTest" time="11.275" classname="com.qa.meschino.testcases.verifyLogin"/>
</testsuite> <!-- com.qa.meschino.testcases.verifyLogin -->
