<?xml version="1.0" encoding="UTF-8"?>
<!-- Generated by org.testng.reporters.JUnitReportReporter -->
<testsuite hostname="DESKTOP-A6435CM" name="com.qa.meschino.testcases.BloodGlucoseTracker.testing" tests="1" failures="0" timestamp="26 Jan 2019 20:34:55 GMT" time="67.599" errors="0">
  <testcase name="t2" time="67.599" classname="com.qa.meschino.testcases.BloodGlucoseTracker.testing"/>
</testsuite> <!-- com.qa.meschino.testcases.BloodGlucoseTracker.testing -->
