<?xml version="1.0" encoding="UTF-8"?>
<!-- Generated by org.testng.reporters.JUnitReportReporter -->
<testsuite hostname="LAP00396" name="com.qa.meschino.testcases.BloodGlucoseTracker.VerifyBloodGlucoseOnProfile" tests="1" failures="1" timestamp="1 Feb 2019 21:18:58 GMT" time="0.001" errors="0">
  <testcase name="BloodGlucoseOnProfile" time="0.001" classname="com.qa.meschino.testcases.BloodGlucoseTracker.VerifyBloodGlucoseOnProfile"/>
</testsuite> <!-- com.qa.meschino.testcases.BloodGlucoseTracker.VerifyBloodGlucoseOnProfile -->
