<?xml version="1.0" encoding="UTF-8"?>
<!-- Generated by org.testng.reporters.JUnitReportReporter -->
<testsuite hostname="LAP00396" name="com.qa.meschino.testcases.Login.verifyLogin" tests="3" failures="3" timestamp="24 Jan 2019 21:07:55 GMT" time="0.008" errors="0">
  <testcase name="LoginTest" time="0.002" classname="com.qa.meschino.testcases.Login.verifyLogin"/>
  <testcase name="LoginTest" time="0.003" classname="com.qa.meschino.testcases.Login.verifyLogin"/>
  <testcase name="LoginTest" time="0.003" classname="com.qa.meschino.testcases.Login.verifyLogin"/>
</testsuite> <!-- com.qa.meschino.testcases.Login.verifyLogin -->
