<?xml version="1.0" encoding="UTF-8"?>
<!-- Generated by org.testng.reporters.JUnitReportReporter -->
<testsuite hostname="LAP00396" name="com.qa.meschino.testcases.MyHRA.te12" tests="1" failures="0" timestamp="30 Jan 2019 21:26:25 GMT" time="63.127" errors="0">
  <testcase name="MyHRALog" time="63.127" classname="com.qa.meschino.testcases.MyHRA.te12"/>
</testsuite> <!-- com.qa.meschino.testcases.MyHRA.te12 -->
