<?xml version="1.0" encoding="UTF-8"?>
<!-- Generated by org.testng.reporters.JUnitReportReporter -->
<testsuite hostname="LAP00396" name="com.qa.meschino.pages.test" tests="1" failures="0" timestamp="3 Jul 2019 18:03:44 GMT" time="0.164" errors="0">
  <testcase name="t" time="0.164" classname="com.qa.meschino.pages.test"/>
</testsuite> <!-- com.qa.meschino.pages.test -->
