<?xml version="1.0" encoding="UTF-8"?>
<!-- Generated by org.testng.reporters.JUnitReportReporter -->
<testsuite hostname="DESKTOP-A6435CM" name="com.qa.meschino.testcases.MyHRA_Male.VerifyHRAStressRiskStatus" tests="3" failures="0" timestamp="6 Feb 2019 21:08:36 GMT" time="596.966" errors="2">
  <testcase name="HRASmokingRiskStatus" time="198.104" classname="com.qa.meschino.testcases.MyHRA_Male.VerifyHRAStressRiskStatus"/>
  <testcase name="HRASmokingRiskStatus" time="198.271" classname="com.qa.meschino.testcases.MyHRA_Male.VerifyHRAStressRiskStatus">
    <error type="java.lang.AssertionError" message="Risk status should be Green instead of Red">
      <![CDATA[java.lang.AssertionError: Risk status should be Green instead of Red
	at org.testng.Assert.fail(Assert.java:94)
	at com.qa.meschino.testcases.basetest.BaseTest.reportFailure(BaseTest.java:81)
	at com.qa.meschino.testcases.MyHRA_Male.VerifyHRAStressRiskStatus.HRASmokingRiskStatus(VerifyHRAStressRiskStatus.java:379)
	at sun.reflect.NativeMethodAccessorImpl.invoke0(Native Method)
	at sun.reflect.NativeMethodAccessorImpl.invoke(Unknown Source)
	at sun.reflect.DelegatingMethodAccessorImpl.invoke(Unknown Source)
	at java.lang.reflect.Method.invoke(Unknown Source)
	at org.testng.internal.MethodInvocationHelper.invokeMethod(MethodInvocationHelper.java:80)
	at org.testng.internal.Invoker.invokeMethod(Invoker.java:714)
	at org.testng.internal.Invoker.invokeTestMethod(Invoker.java:901)
	at org.testng.internal.Invoker.invokeTestMethods(Invoker.java:1231)
	at org.testng.internal.TestMethodWorker.invokeTestMethods(TestMethodWorker.java:127)
	at org.testng.internal.TestMethodWorker.run(TestMethodWorker.java:111)
	at org.testng.TestRunner.privateRun(TestRunner.java:767)
	at org.testng.TestRunner.run(TestRunner.java:617)
	at org.testng.SuiteRunner.runTest(SuiteRunner.java:334)
	at org.testng.SuiteRunner.runSequentially(SuiteRunner.java:329)
	at org.testng.SuiteRunner.privateRun(SuiteRunner.java:291)
	at org.testng.SuiteRunner.run(SuiteRunner.java:240)
	at org.testng.SuiteRunnerWorker.runSuite(SuiteRunnerWorker.java:52)
	at org.testng.SuiteRunnerWorker.run(SuiteRunnerWorker.java:86)
	at org.testng.TestNG.runSuitesSequentially(TestNG.java:1198)
	at org.testng.TestNG.runSuitesLocally(TestNG.java:1123)
	at org.testng.TestNG.run(TestNG.java:1031)
	at org.testng.remote.AbstractRemoteTestNG.run(AbstractRemoteTestNG.java:114)
	at org.testng.remote.RemoteTestNG.initAndRun(RemoteTestNG.java:251)
	at org.testng.remote.RemoteTestNG.main(RemoteTestNG.java:77)
]]>
    </error>
  </testcase> <!-- HRASmokingRiskStatus -->
  <testcase name="HRASmokingRiskStatus" time="200.591" classname="com.qa.meschino.testcases.MyHRA_Male.VerifyHRAStressRiskStatus">
    <error type="java.lang.AssertionError" message="Risk status should be Yellow instead of Red">
      <![CDATA[java.lang.AssertionError: Risk status should be Yellow instead of Red
	at org.testng.Assert.fail(Assert.java:94)
	at com.qa.meschino.testcases.basetest.BaseTest.reportFailure(BaseTest.java:81)
	at com.qa.meschino.testcases.MyHRA_Male.VerifyHRAStressRiskStatus.HRASmokingRiskStatus(VerifyHRAStressRiskStatus.java:379)
	at sun.reflect.NativeMethodAccessorImpl.invoke0(Native Method)
	at sun.reflect.NativeMethodAccessorImpl.invoke(Unknown Source)
	at sun.reflect.DelegatingMethodAccessorImpl.invoke(Unknown Source)
	at java.lang.reflect.Method.invoke(Unknown Source)
	at org.testng.internal.MethodInvocationHelper.invokeMethod(MethodInvocationHelper.java:80)
	at org.testng.internal.Invoker.invokeMethod(Invoker.java:714)
	at org.testng.internal.Invoker.invokeTestMethod(Invoker.java:901)
	at org.testng.internal.Invoker.invokeTestMethods(Invoker.java:1231)
	at org.testng.internal.TestMethodWorker.invokeTestMethods(TestMethodWorker.java:127)
	at org.testng.internal.TestMethodWorker.run(TestMethodWorker.java:111)
	at org.testng.TestRunner.privateRun(TestRunner.java:767)
	at org.testng.TestRunner.run(TestRunner.java:617)
	at org.testng.SuiteRunner.runTest(SuiteRunner.java:334)
	at org.testng.SuiteRunner.runSequentially(SuiteRunner.java:329)
	at org.testng.SuiteRunner.privateRun(SuiteRunner.java:291)
	at org.testng.SuiteRunner.run(SuiteRunner.java:240)
	at org.testng.SuiteRunnerWorker.runSuite(SuiteRunnerWorker.java:52)
	at org.testng.SuiteRunnerWorker.run(SuiteRunnerWorker.java:86)
	at org.testng.TestNG.runSuitesSequentially(TestNG.java:1198)
	at org.testng.TestNG.runSuitesLocally(TestNG.java:1123)
	at org.testng.TestNG.run(TestNG.java:1031)
	at org.testng.remote.AbstractRemoteTestNG.run(AbstractRemoteTestNG.java:114)
	at org.testng.remote.RemoteTestNG.initAndRun(RemoteTestNG.java:251)
	at org.testng.remote.RemoteTestNG.main(RemoteTestNG.java:77)
]]>
    </error>
  </testcase> <!-- HRASmokingRiskStatus -->
</testsuite> <!-- com.qa.meschino.testcases.MyHRA_Male.VerifyHRAStressRiskStatus -->
