<?xml version="1.0" encoding="UTF-8"?>
<!-- Generated by org.testng.reporters.JUnitReportReporter -->
<testsuite hostname="LAP00396" name="com.qa.meschino.testcases.MyHRA_Male.VerifyHRABMIOverweightRiskStatus" tests="3" failures="0" timestamp="7 Feb 2019 17:46:00 GMT" time="651.079" errors="0">
  <testcase name="HraBMIOverweightRiskStatus" time="226.916" classname="com.qa.meschino.testcases.MyHRA_Male.VerifyHRABMIOverweightRiskStatus"/>
  <testcase name="HraBMIOverweightRiskStatus" time="214.975" classname="com.qa.meschino.testcases.MyHRA_Male.VerifyHRABMIOverweightRiskStatus"/>
  <testcase name="HraBMIOverweightRiskStatus" time="209.188" classname="com.qa.meschino.testcases.MyHRA_Male.VerifyHRABMIOverweightRiskStatus"/>
</testsuite> <!-- com.qa.meschino.testcases.MyHRA_Male.VerifyHRABMIOverweightRiskStatus -->
