<?xml version="1.0" encoding="UTF-8"?>
<!-- Generated by org.testng.reporters.JUnitReportReporter -->
<testsuite hostname="LAP00396" name="com.qa.meschino.testcases.MyHRA.te12" tests="1" failures="0" timestamp="31 Jan 2019 19:49:37 GMT" time="171.716" errors="0">
  <testcase name="MyHRALog" time="171.716" classname="com.qa.meschino.testcases.MyHRA.te12"/>
</testsuite> <!-- com.qa.meschino.testcases.MyHRA.te12 -->
