<?xml version="1.0" encoding="UTF-8"?>
<!-- Generated by org.testng.reporters.JUnitReportReporter -->
<testsuite hostname="LAP00396" name="com.qa.meschino.testcases.BloodGlucoseTracker.VerifyBloodGlucoseDelete" tests="1" failures="1" timestamp="7 Feb 2019 16:48:28 GMT" time="0.028" errors="0">
  <testcase name="BloodGlucoseDeleteLogs" time="0.028" classname="com.qa.meschino.testcases.BloodGlucoseTracker.VerifyBloodGlucoseDelete"/>
</testsuite> <!-- com.qa.meschino.testcases.BloodGlucoseTracker.VerifyBloodGlucoseDelete -->
