<?xml version="1.0" encoding="UTF-8"?>
<!-- Generated by org.testng.reporters.JUnitReportReporter -->
<testsuite hostname="DESKTOP-A6435CM" name="com.qa.meschino.testcases.MeschinoResearchReviews.VerifyVideos" tests="1" failures="0" timestamp="8 Feb 2019 01:17:49 GMT" time="50.416" errors="0">
  <testcase name="videos" time="50.416" classname="com.qa.meschino.testcases.MeschinoResearchReviews.VerifyVideos"/>
</testsuite> <!-- com.qa.meschino.testcases.MeschinoResearchReviews.VerifyVideos -->
