<?xml version="1.0" encoding="UTF-8"?>
<!-- Generated by org.testng.reporters.JUnitReportReporter -->
<testsuite hostname="LAP00396" name="com.qa.meschino.testcases.MyHRA_Male.VerifyHRAMaleBloodPressureUnknownRiskStatus" tests="2" failures="0" timestamp="4 Feb 2019 19:58:33 GMT" time="432.588" errors="0">
  <testcase name="HraMaleBloodPressureUnknownRiskStatus" time="214.125" classname="com.qa.meschino.testcases.MyHRA_Male.VerifyHRAMaleBloodPressureUnknownRiskStatus"/>
  <testcase name="HraMaleBloodPressureUnknownRiskStatus" time="218.463" classname="com.qa.meschino.testcases.MyHRA_Male.VerifyHRAMaleBloodPressureUnknownRiskStatus"/>
</testsuite> <!-- com.qa.meschino.testcases.MyHRA_Male.VerifyHRAMaleBloodPressureUnknownRiskStatus -->
