<?xml version="1.0" encoding="UTF-8"?>
<!-- Generated by org.testng.reporters.JUnitReportReporter -->
<testsuite hostname="LAP00396" name="com.qa.meschino.testcases.LearnAndEarn.VerifyLearnAndEarnLinks" tests="1" failures="0" timestamp="9 Jul 2019 14:46:08 GMT" time="733.360" errors="0">
  <testcase name="LearnAndEarn" time="733.360" classname="com.qa.meschino.testcases.LearnAndEarn.VerifyLearnAndEarnLinks"/>
</testsuite> <!-- com.qa.meschino.testcases.LearnAndEarn.VerifyLearnAndEarnLinks -->
