<?xml version="1.0" encoding="UTF-8"?>
<!-- Generated by org.testng.reporters.JUnitReportReporter -->
<testsuite hostname="LAP00396" name="com.qa.meschino.testcases.MyHRA_Male.VerifyHRADiabetesType2RiskStatus" tests="2" failures="2" timestamp="11 Feb 2019 20:26:40 GMT" time="0.006" errors="0">
  <testcase name="HraDiabetesType2RiskStatus" time="0.002" classname="com.qa.meschino.testcases.MyHRA_Male.VerifyHRADiabetesType2RiskStatus"/>
  <testcase name="HraDiabetesType2RiskStatus" time="0.004" classname="com.qa.meschino.testcases.MyHRA_Male.VerifyHRADiabetesType2RiskStatus"/>
</testsuite> <!-- com.qa.meschino.testcases.MyHRA_Male.VerifyHRADiabetesType2RiskStatus -->
