<?xml version="1.0" encoding="UTF-8"?>
<!-- Generated by org.testng.reporters.JUnitReportReporter -->
<testsuite hostname="LAP00396" name="com.qa.meschino.testcases.MeschinoResearchReviews.VerifyDownloads" tests="1" failures="0" timestamp="15 Jul 2019 19:16:13 GMT" time="117.096" errors="0">
  <testcase name="downloads" time="117.096" classname="com.qa.meschino.testcases.MeschinoResearchReviews.VerifyDownloads"/>
</testsuite> <!-- com.qa.meschino.testcases.MeschinoResearchReviews.VerifyDownloads -->
