<?xml version="1.0" encoding="UTF-8"?>
<!-- Generated by org.testng.reporters.JUnitReportReporter -->
<testsuite hostname="LAP00396" name="com.qa.meschino.testcases.MyHRA.te12" tests="1" failures="0" timestamp="1 Feb 2019 14:40:18 GMT" time="219.492" errors="0">
  <testcase name="MyHRALog" time="219.492" classname="com.qa.meschino.testcases.MyHRA.te12"/>
</testsuite> <!-- com.qa.meschino.testcases.MyHRA.te12 -->
