<?xml version="1.0" encoding="UTF-8"?>
<!-- Generated by org.testng.reporters.JUnitReportReporter -->
<testsuite hostname="LAP00396" name="com.qa.meschino.testcases.MyHRA_Male.VerifyHRABloodGlucoseRiskStatus" tests="3" failures="3" timestamp="11 Feb 2019 20:26:40 GMT" time="0.011" errors="0">
  <testcase name="HraMaleBloodGlucoseRiskStatus" time="0.003" classname="com.qa.meschino.testcases.MyHRA_Male.VerifyHRABloodGlucoseRiskStatus"/>
  <testcase name="HraMaleBloodGlucoseRiskStatus" time="0.007" classname="com.qa.meschino.testcases.MyHRA_Male.VerifyHRABloodGlucoseRiskStatus"/>
  <testcase name="HraMaleBloodGlucoseRiskStatus" time="0.001" classname="com.qa.meschino.testcases.MyHRA_Male.VerifyHRABloodGlucoseRiskStatus"/>
</testsuite> <!-- com.qa.meschino.testcases.MyHRA_Male.VerifyHRABloodGlucoseRiskStatus -->
