<?xml version="1.0" encoding="UTF-8"?>
<!-- Generated by org.testng.reporters.JUnitReportReporter -->
<testsuite hostname="LAP00396" name="com.qa.meschino.testcases.MeschinoResearchReviews.VerifyArticles" tests="1" failures="0" timestamp="28 Jun 2019 18:56:45 GMT" time="715.626" errors="0">
  <testcase name="articles" time="715.626" classname="com.qa.meschino.testcases.MeschinoResearchReviews.VerifyArticles"/>
</testsuite> <!-- com.qa.meschino.testcases.MeschinoResearchReviews.VerifyArticles -->
