<?xml version="1.0" encoding="UTF-8"?>
<!-- Generated by org.testng.reporters.JUnitReportReporter -->
<testsuite hostname="LAP00396" name="com.qa.meschino.testcases.LearnAndEarn.VerifyLearnAndEarnLinks" tests="1" failures="0" timestamp="8 Jul 2019 16:36:46 GMT" time="806.674" errors="0">
  <testcase name="LearnAndEarn" time="806.674" classname="com.qa.meschino.testcases.LearnAndEarn.VerifyLearnAndEarnLinks"/>
</testsuite> <!-- com.qa.meschino.testcases.LearnAndEarn.VerifyLearnAndEarnLinks -->
