<?xml version="1.0" encoding="UTF-8"?>
<!-- Generated by org.testng.reporters.JUnitReportReporter -->
<testsuite hostname="LAP00396" name="com.qa.meschino.testcases.MyHRA_Male.VerifyHRAMaleBloodGlucoseRiskStatus" tests="3" failures="0" timestamp="1 Feb 2019 21:18:58 GMT" time="662.301" errors="0">
  <testcase name="HraMaleBloodGlucoseRiskStatus" time="214.564" classname="com.qa.meschino.testcases.MyHRA_Male.VerifyHRAMaleBloodGlucoseRiskStatus"/>
  <testcase name="HraMaleBloodGlucoseRiskStatus" time="227.641" classname="com.qa.meschino.testcases.MyHRA_Male.VerifyHRAMaleBloodGlucoseRiskStatus"/>
  <testcase name="HraMaleBloodGlucoseRiskStatus" time="220.096" classname="com.qa.meschino.testcases.MyHRA_Male.VerifyHRAMaleBloodGlucoseRiskStatus"/>
</testsuite> <!-- com.qa.meschino.testcases.MyHRA_Male.VerifyHRAMaleBloodGlucoseRiskStatus -->
