<?xml version="1.0" encoding="UTF-8"?>
<!-- Generated by org.testng.reporters.JUnitReportReporter -->
<testsuite hostname="LAP00396" name="com.qa.meschino.testcases.MyHRA_Male.VerifyHRACholesterolUnknownRiskStatus" tests="2" failures="2" timestamp="11 Feb 2019 20:26:41 GMT" time="0.007" errors="0">
  <testcase name="HRACholesterolUnknownRiskStatus" time="0.005" classname="com.qa.meschino.testcases.MyHRA_Male.VerifyHRACholesterolUnknownRiskStatus"/>
  <testcase name="HRACholesterolUnknownRiskStatus" time="0.002" classname="com.qa.meschino.testcases.MyHRA_Male.VerifyHRACholesterolUnknownRiskStatus"/>
</testsuite> <!-- com.qa.meschino.testcases.MyHRA_Male.VerifyHRACholesterolUnknownRiskStatus -->
