<?xml version="1.0" encoding="UTF-8"?>
<!-- Generated by org.testng.reporters.JUnitReportReporter -->
<testsuite hostname="LAP00396" name="com.qa.meschino.testcases.prac" tests="1" failures="0" timestamp="11 Jan 2019 20:42:18 GMT" time="7.661" errors="0">
  <testcase name="pracTest" time="7.661" classname="com.qa.meschino.testcases.prac"/>
</testsuite> <!-- com.qa.meschino.testcases.prac -->
