<?xml version="1.0" encoding="UTF-8"?>
<!-- Generated by org.testng.reporters.JUnitReportReporter -->
<testsuite hostname="LAP00396" name="com.qa.meschino.testcases.MyHRA_Male.VerifyHRABloodPressureUnknownRiskStatus" tests="2" failures="2" timestamp="11 Feb 2019 20:26:40 GMT" time="0.004" errors="0">
  <testcase name="HraMaleBloodPressureUnknownRiskStatus" time="0.002" classname="com.qa.meschino.testcases.MyHRA_Male.VerifyHRABloodPressureUnknownRiskStatus"/>
  <testcase name="HraMaleBloodPressureUnknownRiskStatus" time="0.002" classname="com.qa.meschino.testcases.MyHRA_Male.VerifyHRABloodPressureUnknownRiskStatus"/>
</testsuite> <!-- com.qa.meschino.testcases.MyHRA_Male.VerifyHRABloodPressureUnknownRiskStatus -->
