<?xml version="1.0" encoding="UTF-8"?>
<!-- Generated by org.testng.reporters.JUnitReportReporter -->
<testsuite hostname="LAP00396" name="com.qa.meschino.testcases.MyHRA_Male.VerifyHRAAlcoholRiskStatus" tests="3" failures="3" timestamp="11 Feb 2019 20:26:41 GMT" time="0.032" errors="0">
  <testcase name="HraAlcoholRiskStatus" time="0.011" classname="com.qa.meschino.testcases.MyHRA_Male.VerifyHRAAlcoholRiskStatus"/>
  <testcase name="HraAlcoholRiskStatus" time="0.008" classname="com.qa.meschino.testcases.MyHRA_Male.VerifyHRAAlcoholRiskStatus"/>
  <testcase name="HraAlcoholRiskStatus" time="0.013" classname="com.qa.meschino.testcases.MyHRA_Male.VerifyHRAAlcoholRiskStatus"/>
</testsuite> <!-- com.qa.meschino.testcases.MyHRA_Male.VerifyHRAAlcoholRiskStatus -->
