<?xml version="1.0" encoding="UTF-8"?>
<!-- Generated by org.testng.reporters.JUnitReportReporter -->
<testsuite hostname="LAP00396" name="com.qa.meschino.testcases.BloodGlucoseTracker.Test6" tests="1" failures="0" timestamp="1 Feb 2019 20:27:48 GMT" time="56.121" errors="0">
  <testcase name="tq" time="56.121" classname="com.qa.meschino.testcases.BloodGlucoseTracker.Test6"/>
</testsuite> <!-- com.qa.meschino.testcases.BloodGlucoseTracker.Test6 -->
