<?xml version="1.0" encoding="UTF-8"?>
<!-- Generated by org.testng.reporters.JUnitReportReporter -->
<testsuite hostname="LAP00396" name="com.qa.meschino.testcases.MyHRA_Male.VerifyHRAWaistCirumferenceRiskStatus" tests="3" failures="3" timestamp="11 Feb 2019 20:26:41 GMT" time="0.007" errors="0">
  <testcase name="HraWaistCirumferenceRiskStatus" time="0.004" classname="com.qa.meschino.testcases.MyHRA_Male.VerifyHRAWaistCirumferenceRiskStatus"/>
  <testcase name="HraWaistCirumferenceRiskStatus" time="0.001" classname="com.qa.meschino.testcases.MyHRA_Male.VerifyHRAWaistCirumferenceRiskStatus"/>
  <testcase name="HraWaistCirumferenceRiskStatus" time="0.002" classname="com.qa.meschino.testcases.MyHRA_Male.VerifyHRAWaistCirumferenceRiskStatus"/>
</testsuite> <!-- com.qa.meschino.testcases.MyHRA_Male.VerifyHRAWaistCirumferenceRiskStatus -->
