<?xml version="1.0" encoding="UTF-8"?>
<!-- Generated by org.testng.reporters.JUnitReportReporter -->
<testsuite hostname="LAP00396" name="com.qa.meschino.testcases.prac" tests="1" failures="0" timestamp="11 Jan 2019 17:43:35 GMT" time="0.192" errors="0">
  <testcase name="pracTest" time="0.192" classname="com.qa.meschino.testcases.prac"/>
</testsuite> <!-- com.qa.meschino.testcases.prac -->
