<?xml version="1.0" encoding="UTF-8"?>
<!-- Generated by org.testng.reporters.JUnitReportReporter -->
<testsuite hostname="LAP00396" name="com.qa.meschino.testcases.BloodGlucoseTracker.VerifyBloodGlucoseLog" tests="4" failures="4" timestamp="1 Feb 2019 21:18:58 GMT" time="0.058" errors="0">
  <testcase name="BloodGlucoseTest" time="0.022" classname="com.qa.meschino.testcases.BloodGlucoseTracker.VerifyBloodGlucoseLog"/>
  <testcase name="BloodGlucoseTest" time="0.002" classname="com.qa.meschino.testcases.BloodGlucoseTracker.VerifyBloodGlucoseLog"/>
  <testcase name="BloodGlucoseTest" time="0.022" classname="com.qa.meschino.testcases.BloodGlucoseTracker.VerifyBloodGlucoseLog"/>
  <testcase name="BloodGlucoseTest" time="0.012" classname="com.qa.meschino.testcases.BloodGlucoseTracker.VerifyBloodGlucoseLog"/>
</testsuite> <!-- com.qa.meschino.testcases.BloodGlucoseTracker.VerifyBloodGlucoseLog -->
