<?xml version="1.0" encoding="UTF-8"?>
<!-- Generated by org.testng.reporters.JUnitReportReporter -->
<testsuite hostname="LAP00396" name="com.qa.meschino.testcases.newTest" tests="2" failures="0" timestamp="15 Jan 2019 16:08:58 GMT" time="0.153" errors="0">
  <testcase name="newTest1" time="0.002" classname="com.qa.meschino.testcases.newTest"/>
  <testcase name="newTest1" time="0.151" classname="com.qa.meschino.testcases.newTest"/>
</testsuite> <!-- com.qa.meschino.testcases.newTest -->
