<?xml version="1.0" encoding="UTF-8"?>
<!-- Generated by org.testng.reporters.JUnitReportReporter -->
<testsuite hostname="LAP00396" name="com.qa.meschino.testcases.AsthmaTracker.test1" tests="1" failures="1" timestamp="17 Jan 2019 20:35:54 GMT" time="0.002" errors="0">
  <testcase name="t1" time="0.002" classname="com.qa.meschino.testcases.AsthmaTracker.test1"/>
</testsuite> <!-- com.qa.meschino.testcases.AsthmaTracker.test1 -->
