<?xml version="1.0" encoding="UTF-8"?>
<!-- Generated by org.testng.reporters.JUnitReportReporter -->
<testsuite hostname="LAP00396" name="com.qa.meschino.testcases.AsthmaTracker.test1" tests="1" failures="1" timestamp="18 Jan 2019 19:43:04 GMT" time="0.005" errors="0">
  <testcase name="t1" time="0.005" classname="com.qa.meschino.testcases.AsthmaTracker.test1"/>
</testsuite> <!-- com.qa.meschino.testcases.AsthmaTracker.test1 -->
