<?xml version="1.0" encoding="UTF-8"?>
<!-- Generated by org.testng.reporters.JUnitReportReporter -->
<testsuite hostname="LAP00396" name="com.qa.meschino.testcases.BloodGlucoseTracker.Test6" tests="1" failures="0" timestamp="30 Jan 2019 19:09:45 GMT" time="4.389" errors="0">
  <testcase name="tq" time="4.389" classname="com.qa.meschino.testcases.BloodGlucoseTracker.Test6"/>
</testsuite> <!-- com.qa.meschino.testcases.BloodGlucoseTracker.Test6 -->
